# JRE version: 7.0_25-b30
# Java VM: OpenJDK Client VM (23.7-b01 mixed mode, sharing linux-x86 )
Heap
 def new generation   total 4736K, used 3335K [0x6f580000, 0x6faa0000, 0x79c20000)
  eden space 4224K,  66% used [0x6f580000, 0x6f841c40, 0x6f9a0000)
  from space 512K, 100% used [0x6f9a0000, 0x6fa20000, 0x6fa20000)
  to   space 512K,   0% used [0x6fa20000, 0x6fa20000, 0x6faa0000)
 tenured generation   total 10624K, used 8151K [0x79c20000, 0x7a680000, 0x8e980000)
   the space 10624K,  76% used [0x79c20000, 0x7a415e78, 0x7a416000, 0x7a680000)
 compacting perm gen  total 14080K, used 13891K [0x8e980000, 0x8f740000, 0x92980000)
   the space 14080K,  98% used [0x8e980000, 0x8f710f08, 0x8f711000, 0x8f740000)
    ro space 10240K,  60% used [0x92980000, 0x92f8c968, 0x92f8ca00, 0x93380000)
    rw space 12288K,  61% used [0x93380000, 0x93ae62d8, 0x93ae6400, 0x93f80000)
GC Heap History (10 events):
Event: 4,791 GC heap before
{Heap before GC invocations=3 (full 0):
 def new generation   total 4736K, used 4736K [0x6f580000, 0x6faa0000, 0x79c20000)
  eden space 4224K, 100% used [0x6f580000, 0x6f9a0000, 0x6f9a0000)
  from space 512K, 100% used [0x6fa20000, 0x6faa0000, 0x6faa0000)
  to   space 512K,   0% used [0x6f9a0000, 0x6f9a0000, 0x6fa20000)
 tenured generation   total 10624K, used 4098K [0x79c20000, 0x7a680000, 0x8e980000)
   the space 10624K,  38% used [0x79c20000, 0x7a020848, 0x7a020a00, 0x7a680000)
 compacting perm gen  total 12288K, used 10444K [0x8e980000, 0x8f580000, 0x92980000)
   the space 12288K,  84% used [0x8e980000, 0x8f3b3330, 0x8f3b3400, 0x8f580000)
    ro space 10240K,  60% used [0x92980000, 0x92f8c968, 0x92f8ca00, 0x93380000)
    rw space 12288K,  61% used [0x93380000, 0x93ae62d8, 0x93ae6400, 0x93f80000)
Event: 4,840 GC heap after
Heap after GC invocations=4 (full 0):
 def new generation   total 4736K, used 512K [0x6f580000, 0x6faa0000, 0x79c20000)
  eden space 4224K,   0% used [0x6f580000, 0x6f580000, 0x6f9a0000)
  from space 512K, 100% used [0x6f9a0000, 0x6fa20000, 0x6fa20000)
  to   space 512K,   0% used [0x6fa20000, 0x6fa20000, 0x6faa0000)
 tenured generation   total 10624K, used 5442K [0x79c20000, 0x7a680000, 0x8e980000)
   the space 10624K,  51% used [0x79c20000, 0x7a170bc0, 0x7a170c00, 0x7a680000)
 compacting perm gen  total 12288K, used 10444K [0x8e980000, 0x8f580000, 0x92980000)
   the space 12288K,  84% used [0x8e980000, 0x8f3b3330, 0x8f3b3400, 0x8f580000)
    ro space 10240K,  60% used [0x92980000, 0x92f8c968, 0x92f8ca00, 0x93380000)
    rw space 12288K,  61% used [0x93380000, 0x93ae62d8, 0x93ae6400, 0x93f80000)
}
Event: 5,750 GC heap before
{Heap before GC invocations=4 (full 0):
 def new generation   total 4736K, used 4736K [0x6f580000, 0x6faa0000, 0x79c20000)
  eden space 4224K, 100% used [0x6f580000, 0x6f9a0000, 0x6f9a0000)
  from space 512K, 100% used [0x6f9a0000, 0x6fa20000, 0x6fa20000)
  to   space 512K,   0% used [0x6fa20000, 0x6fa20000, 0x6faa0000)
 tenured generation   total 10624K, used 5442K [0x79c20000, 0x7a680000, 0x8e980000)
   the space 10624K,  51% used [0x79c20000, 0x7a170bc0, 0x7a170c00, 0x7a680000)
 compacting perm gen  total 12544K, used 12517K [0x8e980000, 0x8f5c0000, 0x92980000)
   the space 12544K,  99% used [0x8e980000, 0x8f5b9520, 0x8f5b9600, 0x8f5c0000)
    ro space 10240K,  60% used [0x92980000, 0x92f8c968, 0x92f8ca00, 0x93380000)
    rw space 12288K,  61% used [0x93380000, 0x93ae62d8, 0x93ae6400, 0x93f80000)
Event: 5,781 GC heap after
Heap after GC invocations=5 (full 0):
 def new generation   total 4736K, used 512K [0x6f580000, 0x6faa0000, 0x79c20000)
  eden space 4224K,   0% used [0x6f580000, 0x6f580000, 0x6f9a0000)
  from space 512K, 100% used [0x6fa20000, 0x6faa0000, 0x6faa0000)
  to   space 512K,   0% used [0x6f9a0000, 0x6f9a0000, 0x6fa20000)
 tenured generation   total 10624K, used 6035K [0x79c20000, 0x7a680000, 0x8e980000)
   the space 10624K,  56% used [0x79c20000, 0x7a204ca8, 0x7a204e00, 0x7a680000)
 compacting perm gen  total 12544K, used 12517K [0x8e980000, 0x8f5c0000, 0x92980000)
   the space 12544K,  99% used [0x8e980000, 0x8f5b9520, 0x8f5b9600, 0x8f5c0000)
    ro space 10240K,  60% used [0x92980000, 0x92f8c968, 0x92f8ca00, 0x93380000)
    rw space 12288K,  61% used [0x93380000, 0x93ae62d8, 0x93ae6400, 0x93f80000)
}
Event: 6,286 GC heap before
{Heap before GC invocations=5 (full 0):
 def new generation   total 4736K, used 4736K [0x6f580000, 0x6faa0000, 0x79c20000)
  eden space 4224K, 100% used [0x6f580000, 0x6f9a0000, 0x6f9a0000)
  from space 512K, 100% used [0x6fa20000, 0x6faa0000, 0x6faa0000)
  to   space 512K,   0% used [0x6f9a0000, 0x6f9a0000, 0x6fa20000)
 tenured generation   total 10624K, used 6035K [0x79c20000, 0x7a680000, 0x8e980000)
   the space 10624K,  56% used [0x79c20000, 0x7a204ca8, 0x7a204e00, 0x7a680000)
 compacting perm gen  total 12800K, used 12724K [0x8e980000, 0x8f600000, 0x92980000)
   the space 12800K,  99% used [0x8e980000, 0x8f5ed018, 0x8f5ed200, 0x8f600000)
    ro space 10240K,  60% used [0x92980000, 0x92f8c968, 0x92f8ca00, 0x93380000)
    rw space 12288K,  61% used [0x93380000, 0x93ae62d8, 0x93ae6400, 0x93f80000)
Event: 6,312 GC heap after
Heap after GC invocations=6 (full 0):
 def new generation   total 4736K, used 367K [0x6f580000, 0x6faa0000, 0x79c20000)
  eden space 4224K,   0% used [0x6f580000, 0x6f580000, 0x6f9a0000)
  from space 512K,  71% used [0x6f9a0000, 0x6f9fbd60, 0x6fa20000)
  to   space 512K,   0% used [0x6fa20000, 0x6fa20000, 0x6faa0000)
 tenured generation   total 10624K, used 6491K [0x79c20000, 0x7a680000, 0x8e980000)
   the space 10624K,  61% used [0x79c20000, 0x7a276f88, 0x7a277000, 0x7a680000)
 compacting perm gen  total 12800K, used 12724K [0x8e980000, 0x8f600000, 0x92980000)
   the space 12800K,  99% used [0x8e980000, 0x8f5ed018, 0x8f5ed200, 0x8f600000)
    ro space 10240K,  60% used [0x92980000, 0x92f8c968, 0x92f8ca00, 0x93380000)
    rw space 12288K,  61% used [0x93380000, 0x93ae62d8, 0x93ae6400, 0x93f80000)
}
Event: 8,141 GC heap before
{Heap before GC invocations=6 (full 0):
 def new generation   total 4736K, used 4591K [0x6f580000, 0x6faa0000, 0x79c20000)
  eden space 4224K, 100% used [0x6f580000, 0x6f9a0000, 0x6f9a0000)
  from space 512K,  71% used [0x6f9a0000, 0x6f9fbd60, 0x6fa20000)
  to   space 512K,   0% used [0x6fa20000, 0x6fa20000, 0x6faa0000)
 tenured generation   total 10624K, used 6491K [0x79c20000, 0x7a680000, 0x8e980000)
   the space 10624K,  61% used [0x79c20000, 0x7a276f88, 0x7a277000, 0x7a680000)
 compacting perm gen  total 12800K, used 12767K [0x8e980000, 0x8f600000, 0x92980000)
   the space 12800K,  99% used [0x8e980000, 0x8f5f7df0, 0x8f5f7e00, 0x8f600000)
    ro space 10240K,  60% used [0x92980000, 0x92f8c968, 0x92f8ca00, 0x93380000)
    rw space 12288K,  61% used [0x93380000, 0x93ae62d8, 0x93ae6400, 0x93f80000)
Event: 8,165 GC heap after
Heap after GC invocations=7 (full 0):
 def new generation   total 4736K, used 512K [0x6f580000, 0x6faa0000, 0x79c20000)
  eden space 4224K,   0% used [0x6f580000, 0x6f580000, 0x6f9a0000)
  from space 512K, 100% used [0x6fa20000, 0x6faa0000, 0x6faa0000)
  to   space 512K,   0% used [0x6f9a0000, 0x6f9a0000, 0x6fa20000)
 tenured generation   total 10624K, used 7073K [0x79c20000, 0x7a680000, 0x8e980000)
   the space 10624K,  66% used [0x79c20000, 0x7a3084e0, 0x7a308600, 0x7a680000)
 compacting perm gen  total 12800K, used 12767K [0x8e980000, 0x8f600000, 0x92980000)
   the space 12800K,  99% used [0x8e980000, 0x8f5f7df0, 0x8f5f7e00, 0x8f600000)
    ro space 10240K,  60% used [0x92980000, 0x92f8c968, 0x92f8ca00, 0x93380000)
    rw space 12288K,  61% used [0x93380000, 0x93ae62d8, 0x93ae6400, 0x93f80000)
}
Event: 9,178 GC heap before
{Heap before GC invocations=7 (full 0):
 def new generation   total 4736K, used 4736K [0x6f580000, 0x6faa0000, 0x79c20000)
  eden space 4224K, 100% used [0x6f580000, 0x6f9a0000, 0x6f9a0000)
  from space 512K, 100% used [0x6fa20000, 0x6faa0000, 0x6faa0000)
  to   space 512K,   0% used [0x6f9a0000, 0x6f9a0000, 0x6fa20000)
 tenured generation   total 10624K, used 7073K [0x79c20000, 0x7a680000, 0x8e980000)
   the space 10624K,  66% used [0x79c20000, 0x7a3084e0, 0x7a308600, 0x7a680000)
 compacting perm gen  total 13824K, used 13684K [0x8e980000, 0x8f700000, 0x92980000)
   the space 13824K,  98% used [0x8e980000, 0x8f6dd098, 0x8f6dd200, 0x8f700000)
    ro space 10240K,  60% used [0x92980000, 0x92f8c968, 0x92f8ca00, 0x93380000)
    rw space 12288K,  61% used [0x93380000, 0x93ae62d8, 0x93ae6400, 0x93f80000)
Event: 9,209 GC heap after
Heap after GC invocations=8 (full 0):
 def new generation   total 4736K, used 512K [0x6f580000, 0x6faa0000, 0x79c20000)
  eden space 4224K,   0% used [0x6f580000, 0x6f580000, 0x6f9a0000)
  from space 512K, 100% used [0x6f9a0000, 0x6fa20000, 0x6fa20000)
  to   space 512K,   0% used [0x6fa20000, 0x6fa20000, 0x6faa0000)
 tenured generation   total 10624K, used 8151K [0x79c20000, 0x7a680000, 0x8e980000)
   the space 10624K,  76% used [0x79c20000, 0x7a415e78, 0x7a416000, 0x7a680000)
 compacting perm gen  total 13824K, used 13684K [0x8e980000, 0x8f700000, 0x92980000)
   the space 13824K,  98% used [0x8e980000, 0x8f6dd098, 0x8f6dd200, 0x8f700000)
    ro space 10240K,  60% used [0x92980000, 0x92f8c968, 0x92f8ca00, 0x93380000)
    rw space 12288K,  61% used [0x93380000, 0x93ae62d8, 0x93ae6400, 0x93f80000)
}

